Performing C SOURCE FILE Test CMAKE_HAVE_LIBC_PTHREAD failed with the following output:
Change Dir: /home/kalankaboom/.config/nvim/language-servers/Release/CMakeFiles/CMakeTmp

Run Build Command(s):/usr/bin/gmake -f Makefile cmTC_55097/fast && /usr/bin/gmake  -f CMakeFiles/cmTC_55097.dir/build.make CMakeFiles/cmTC_55097.dir/build
gmake[1]: Entering directory '/home/kalankaboom/.config/nvim/language-servers/Release/CMakeFiles/CMakeTmp'
Building C object CMakeFiles/cmTC_55097.dir/src.c.o
/usr/bin/cc -DCMAKE_HAVE_LIBC_PTHREAD   -o CMakeFiles/cmTC_55097.dir/src.c.o -c /home/kalankaboom/.config/nvim/language-servers/Release/CMakeFiles/CMakeTmp/src.c
Linking C executable cmTC_55097
/usr/bin/cmake -E cmake_link_script CMakeFiles/cmTC_55097.dir/link.txt --verbose=1
/usr/bin/cc CMakeFiles/cmTC_55097.dir/src.c.o -o cmTC_55097 
/usr/bin/ld: CMakeFiles/cmTC_55097.dir/src.c.o: in function `main':
src.c:(.text+0x2f): undefined reference to `pthread_create'
/usr/bin/ld: src.c:(.text+0x3b): undefined reference to `pthread_detach'
/usr/bin/ld: src.c:(.text+0x47): undefined reference to `pthread_cancel'
/usr/bin/ld: src.c:(.text+0x58): undefined reference to `pthread_join'
collect2: error: ld returned 1 exit status
gmake[1]: *** [CMakeFiles/cmTC_55097.dir/build.make:99: cmTC_55097] Error 1
gmake[1]: Leaving directory '/home/kalankaboom/.config/nvim/language-servers/Release/CMakeFiles/CMakeTmp'
gmake: *** [Makefile:127: cmTC_55097/fast] Error 2


Source file was:
#include <pthread.h>

static void* test_func(void* data)
{
  return data;
}

int main(void)
{
  pthread_t thread;
  pthread_create(&thread, NULL, test_func, NULL);
  pthread_detach(thread);
  pthread_cancel(thread);
  pthread_join(thread, NULL);
  pthread_atfork(NULL, NULL, NULL);
  pthread_exit(NULL);

  return 0;
}

